2024-11-14 22:10:00,742 - INFO - Deleted chat session with ID: 9dd4116f3d0243b9a1c8304af772764b
2024-11-14 22:10:00,742 - WARNING - No chat session found with ID: 50733add82c240f9af5a60cb842344b0
2024-11-14 22:10:00,743 - WARNING - No chat session found with ID: 38738eea9d6a4486a3cc93f240d6f23a
2024-11-14 22:10:00,744 - WARNING - No chat session found with ID: fb6df34372c74755b7619e57d54ecba0
2024-11-14 22:10:00,745 - WARNING - No chat session found with ID: 4444fb08037441c6aa018e951f603d23
2024-11-14 22:10:00,745 - WARNING - No chat session found with ID: d9d51c88194144bd9f4769144c540292
2024-11-14 22:10:00,746 - WARNING - No chat session found with ID: f391eb798a534c028e3a8cc7dcce6a4c
2024-11-14 22:10:00,747 - WARNING - No chat session found with ID: 17c96557251341f28b1a090c55f3c98e
2024-11-14 22:10:00,747 - WARNING - No chat session found with ID: b84d23d10f5848e2a32e3e7b0359bc60
2024-11-14 22:10:00,748 - WARNING - No chat session found with ID: 5e1cbc7c82d84ef498fd66e21b890563
2024-11-14 22:10:00,749 - WARNING - No chat session found with ID: 05758e3a3b3e4f4199b38960b40a241c
2024-11-14 22:10:00,749 - WARNING - No chat session found with ID: e063e354e4e442d995de7d830835931a
2024-11-14 22:10:00,750 - WARNING - No chat session found with ID: b631d202a4114c3db4581ff466eec778
2024-11-14 22:10:00,751 - WARNING - No chat session found with ID: a41fc43ab2244e4695d626ff43dcaff8
2024-11-14 22:10:00,752 - WARNING - No chat session found with ID: ffbcbe59d277429191b84b7e2fa2b97a
2024-11-15 00:35:08,664 - INFO - Deleted chat session with ID: 0ded8fb3b3224abc9ebe98a49e709e5a
2024-11-15 00:35:08,665 - WARNING - No chat session found with ID: 50733add82c240f9af5a60cb842344b0
2024-11-15 00:35:08,666 - WARNING - No chat session found with ID: 38738eea9d6a4486a3cc93f240d6f23a
2024-11-15 00:35:08,667 - WARNING - No chat session found with ID: fb6df34372c74755b7619e57d54ecba0
2024-11-15 00:35:08,668 - WARNING - No chat session found with ID: 4444fb08037441c6aa018e951f603d23
2024-11-15 00:35:08,669 - WARNING - No chat session found with ID: d9d51c88194144bd9f4769144c540292
2024-11-15 00:35:08,669 - WARNING - No chat session found with ID: f391eb798a534c028e3a8cc7dcce6a4c
2024-11-15 00:35:08,670 - WARNING - No chat session found with ID: 17c96557251341f28b1a090c55f3c98e
2024-11-15 00:35:08,671 - WARNING - No chat session found with ID: b84d23d10f5848e2a32e3e7b0359bc60
2024-11-15 00:35:08,671 - WARNING - No chat session found with ID: 5e1cbc7c82d84ef498fd66e21b890563
2024-11-15 00:35:08,672 - WARNING - No chat session found with ID: 05758e3a3b3e4f4199b38960b40a241c
2024-11-15 00:35:08,673 - WARNING - No chat session found with ID: e063e354e4e442d995de7d830835931a
2024-11-15 00:35:08,673 - WARNING - No chat session found with ID: b631d202a4114c3db4581ff466eec778
2024-11-15 00:35:08,674 - WARNING - No chat session found with ID: a41fc43ab2244e4695d626ff43dcaff8
2024-11-15 00:35:08,675 - WARNING - No chat session found with ID: ffbcbe59d277429191b84b7e2fa2b97a
2024-11-16 18:01:28,425 - ERROR - Error deleting chat session with ID 0ded8fb3b3224abc9ebe98a49e709e5a: (sqlite3.OperationalError) unable to open database file
(Background on this error at: https://sqlalche.me/e/20/e3q8)
2024-11-16 18:01:28,426 - ERROR - Error deleting chat session with ID 50733add82c240f9af5a60cb842344b0: (sqlite3.OperationalError) unable to open database file
(Background on this error at: https://sqlalche.me/e/20/e3q8)
2024-11-16 18:01:28,427 - ERROR - Error deleting chat session with ID 07deda8b-8503-451c-a879-222940e56e47: (sqlite3.OperationalError) unable to open database file
(Background on this error at: https://sqlalche.me/e/20/e3q8)
2024-11-16 18:01:28,427 - ERROR - Error deleting chat session with ID fb6df34372c74755b7619e57d54ecba0: (sqlite3.OperationalError) unable to open database file
(Background on this error at: https://sqlalche.me/e/20/e3q8)
2024-11-16 18:01:28,428 - ERROR - Error deleting chat session with ID 4444fb08037441c6aa018e951f603d23: (sqlite3.OperationalError) unable to open database file
(Background on this error at: https://sqlalche.me/e/20/e3q8)
2024-11-16 18:01:28,429 - ERROR - Error deleting chat session with ID d9d51c88194144bd9f4769144c540292: (sqlite3.OperationalError) unable to open database file
(Background on this error at: https://sqlalche.me/e/20/e3q8)
2024-11-16 18:01:28,429 - ERROR - Error deleting chat session with ID f391eb798a534c028e3a8cc7dcce6a4c: (sqlite3.OperationalError) unable to open database file
(Background on this error at: https://sqlalche.me/e/20/e3q8)
2024-11-16 18:01:28,430 - ERROR - Error deleting chat session with ID 17c96557251341f28b1a090c55f3c98e: (sqlite3.OperationalError) unable to open database file
(Background on this error at: https://sqlalche.me/e/20/e3q8)
2024-11-16 18:01:28,430 - ERROR - Error deleting chat session with ID b84d23d10f5848e2a32e3e7b0359bc60: (sqlite3.OperationalError) unable to open database file
(Background on this error at: https://sqlalche.me/e/20/e3q8)
2024-11-16 18:01:28,431 - ERROR - Error deleting chat session with ID 5e1cbc7c82d84ef498fd66e21b890563: (sqlite3.OperationalError) unable to open database file
(Background on this error at: https://sqlalche.me/e/20/e3q8)
2024-11-16 18:01:28,432 - ERROR - Error deleting chat session with ID 05758e3a3b3e4f4199b38960b40a241c: (sqlite3.OperationalError) unable to open database file
(Background on this error at: https://sqlalche.me/e/20/e3q8)
2024-11-16 18:01:28,432 - ERROR - Error deleting chat session with ID e063e354e4e442d995de7d830835931a: (sqlite3.OperationalError) unable to open database file
(Background on this error at: https://sqlalche.me/e/20/e3q8)
2024-11-16 18:01:28,433 - ERROR - Error deleting chat session with ID b631d202a4114c3db4581ff466eec778: (sqlite3.OperationalError) unable to open database file
(Background on this error at: https://sqlalche.me/e/20/e3q8)
2024-11-16 18:01:28,433 - ERROR - Error deleting chat session with ID a41fc43ab2244e4695d626ff43dcaff8: (sqlite3.OperationalError) unable to open database file
(Background on this error at: https://sqlalche.me/e/20/e3q8)
2024-11-16 18:01:28,434 - ERROR - Error deleting chat session with ID ffbcbe59d277429191b84b7e2fa2b97a: (sqlite3.OperationalError) unable to open database file
(Background on this error at: https://sqlalche.me/e/20/e3q8)
2024-11-16 18:01:57,414 - ERROR - Error deleting chat session with ID 0ded8fb3b3224abc9ebe98a49e709e5a: (sqlite3.OperationalError) unable to open database file
(Background on this error at: https://sqlalche.me/e/20/e3q8)
2024-11-16 18:01:57,415 - ERROR - Error deleting chat session with ID 50733add82c240f9af5a60cb842344b0: (sqlite3.OperationalError) unable to open database file
(Background on this error at: https://sqlalche.me/e/20/e3q8)
2024-11-16 18:01:57,415 - ERROR - Error deleting chat session with ID 07deda8b8503451ca879222940e56e47: (sqlite3.OperationalError) unable to open database file
(Background on this error at: https://sqlalche.me/e/20/e3q8)
2024-11-16 18:01:57,416 - ERROR - Error deleting chat session with ID fb6df34372c74755b7619e57d54ecba0: (sqlite3.OperationalError) unable to open database file
(Background on this error at: https://sqlalche.me/e/20/e3q8)
2024-11-16 18:01:57,417 - ERROR - Error deleting chat session with ID 4444fb08037441c6aa018e951f603d23: (sqlite3.OperationalError) unable to open database file
(Background on this error at: https://sqlalche.me/e/20/e3q8)
2024-11-16 18:01:57,417 - ERROR - Error deleting chat session with ID d9d51c88194144bd9f4769144c540292: (sqlite3.OperationalError) unable to open database file
(Background on this error at: https://sqlalche.me/e/20/e3q8)
2024-11-16 18:01:57,418 - ERROR - Error deleting chat session with ID f391eb798a534c028e3a8cc7dcce6a4c: (sqlite3.OperationalError) unable to open database file
(Background on this error at: https://sqlalche.me/e/20/e3q8)
2024-11-16 18:01:57,418 - ERROR - Error deleting chat session with ID 17c96557251341f28b1a090c55f3c98e: (sqlite3.OperationalError) unable to open database file
(Background on this error at: https://sqlalche.me/e/20/e3q8)
2024-11-16 18:01:57,419 - ERROR - Error deleting chat session with ID b84d23d10f5848e2a32e3e7b0359bc60: (sqlite3.OperationalError) unable to open database file
(Background on this error at: https://sqlalche.me/e/20/e3q8)
2024-11-16 18:01:57,420 - ERROR - Error deleting chat session with ID 5e1cbc7c82d84ef498fd66e21b890563: (sqlite3.OperationalError) unable to open database file
(Background on this error at: https://sqlalche.me/e/20/e3q8)
2024-11-16 18:01:57,420 - ERROR - Error deleting chat session with ID 05758e3a3b3e4f4199b38960b40a241c: (sqlite3.OperationalError) unable to open database file
(Background on this error at: https://sqlalche.me/e/20/e3q8)
2024-11-16 18:01:57,421 - ERROR - Error deleting chat session with ID e063e354e4e442d995de7d830835931a: (sqlite3.OperationalError) unable to open database file
(Background on this error at: https://sqlalche.me/e/20/e3q8)
2024-11-16 18:01:57,421 - ERROR - Error deleting chat session with ID b631d202a4114c3db4581ff466eec778: (sqlite3.OperationalError) unable to open database file
(Background on this error at: https://sqlalche.me/e/20/e3q8)
2024-11-16 18:01:57,422 - ERROR - Error deleting chat session with ID a41fc43ab2244e4695d626ff43dcaff8: (sqlite3.OperationalError) unable to open database file
(Background on this error at: https://sqlalche.me/e/20/e3q8)
2024-11-16 18:01:57,423 - ERROR - Error deleting chat session with ID ffbcbe59d277429191b84b7e2fa2b97a: (sqlite3.OperationalError) unable to open database file
(Background on this error at: https://sqlalche.me/e/20/e3q8)
2024-11-16 18:02:59,767 - ERROR - Error deleting chat session with ID 07deda8b8503451ca879222940e56e47: (sqlite3.OperationalError) unable to open database file
(Background on this error at: https://sqlalche.me/e/20/e3q8)
2024-11-16 18:03:23,651 - WARNING - Invalid chat ID format (expected 32 characters): 07deda8b-8503-451c-a879-222940e56e47
2024-11-16 18:05:04,373 - ERROR - Error deleting chat session with ID 07deda8b8503451ca879222940e56e47: (sqlite3.OperationalError) unable to open database file
(Background on this error at: https://sqlalche.me/e/20/e3q8)
2024-11-16 18:09:01,937 - ERROR - Error deleting chat session with ID 07deda8b8503451ca879222940e56e47: (sqlite3.OperationalError) unable to open database file
(Background on this error at: https://sqlalche.me/e/20/e3q8)
2024-11-16 18:09:07,539 - WARNING - Invalid chat ID format (expected 32 characters): 07deda8b-8503-451c-a879-222940e56e47
2024-11-16 18:10:12,006 - ERROR - Error deleting chat session with ID 0ded8fb3b3224abc9ebe98a49e709e5a: (sqlite3.OperationalError) unable to open database file
(Background on this error at: https://sqlalche.me/e/20/e3q8)
2024-11-16 18:10:12,007 - ERROR - Error deleting chat session with ID 50733add82c240f9af5a60cb842344b0: (sqlite3.OperationalError) unable to open database file
(Background on this error at: https://sqlalche.me/e/20/e3q8)
2024-11-16 18:10:12,008 - ERROR - Error deleting chat session with ID 07deda8b8503451ca879222940e56e47: (sqlite3.OperationalError) unable to open database file
(Background on this error at: https://sqlalche.me/e/20/e3q8)
2024-11-16 18:10:12,008 - ERROR - Error deleting chat session with ID 07deda8b-8503-451c-a879-222940e56e47: (sqlite3.OperationalError) unable to open database file
(Background on this error at: https://sqlalche.me/e/20/e3q8)
2024-11-16 18:10:12,009 - ERROR - Error deleting chat session with ID 4444fb08037441c6aa018e951f603d23: (sqlite3.OperationalError) unable to open database file
(Background on this error at: https://sqlalche.me/e/20/e3q8)
2024-11-16 18:10:12,010 - ERROR - Error deleting chat session with ID d9d51c88194144bd9f4769144c540292: (sqlite3.OperationalError) unable to open database file
(Background on this error at: https://sqlalche.me/e/20/e3q8)
2024-11-16 18:10:12,010 - ERROR - Error deleting chat session with ID f391eb798a534c028e3a8cc7dcce6a4c: (sqlite3.OperationalError) unable to open database file
(Background on this error at: https://sqlalche.me/e/20/e3q8)
2024-11-16 18:10:12,011 - ERROR - Error deleting chat session with ID 17c96557251341f28b1a090c55f3c98e: (sqlite3.OperationalError) unable to open database file
(Background on this error at: https://sqlalche.me/e/20/e3q8)
2024-11-16 18:10:12,012 - ERROR - Error deleting chat session with ID b84d23d10f5848e2a32e3e7b0359bc60: (sqlite3.OperationalError) unable to open database file
(Background on this error at: https://sqlalche.me/e/20/e3q8)
2024-11-16 18:10:12,012 - ERROR - Error deleting chat session with ID 5e1cbc7c82d84ef498fd66e21b890563: (sqlite3.OperationalError) unable to open database file
(Background on this error at: https://sqlalche.me/e/20/e3q8)
2024-11-16 18:10:12,013 - ERROR - Error deleting chat session with ID 05758e3a3b3e4f4199b38960b40a241c: (sqlite3.OperationalError) unable to open database file
(Background on this error at: https://sqlalche.me/e/20/e3q8)
2024-11-16 18:10:12,014 - ERROR - Error deleting chat session with ID e063e354e4e442d995de7d830835931a: (sqlite3.OperationalError) unable to open database file
(Background on this error at: https://sqlalche.me/e/20/e3q8)
2024-11-16 18:10:12,015 - ERROR - Error deleting chat session with ID b631d202a4114c3db4581ff466eec778: (sqlite3.OperationalError) unable to open database file
(Background on this error at: https://sqlalche.me/e/20/e3q8)
2024-11-16 18:10:12,015 - ERROR - Error deleting chat session with ID a41fc43ab2244e4695d626ff43dcaff8: (sqlite3.OperationalError) unable to open database file
(Background on this error at: https://sqlalche.me/e/20/e3q8)
2024-11-16 18:10:12,016 - ERROR - Error deleting chat session with ID ffbcbe59d277429191b84b7e2fa2b97a: (sqlite3.OperationalError) unable to open database file
(Background on this error at: https://sqlalche.me/e/20/e3q8)
2024-11-16 18:10:47,774 - ERROR - Error deleting chat session with ID 0ded8fb3b3224abc9ebe98a49e709e5a: (sqlite3.OperationalError) unable to open database file
(Background on this error at: https://sqlalche.me/e/20/e3q8)
2024-11-16 18:10:47,774 - ERROR - Error deleting chat session with ID 50733add82c240f9af5a60cb842344b0: (sqlite3.OperationalError) unable to open database file
(Background on this error at: https://sqlalche.me/e/20/e3q8)
2024-11-16 18:10:47,775 - ERROR - Error deleting chat session with ID 07deda8b8503451ca879222940e56e47: (sqlite3.OperationalError) unable to open database file
(Background on this error at: https://sqlalche.me/e/20/e3q8)
2024-11-16 18:10:47,776 - ERROR - Error deleting chat session with ID 07deda8b 8503 451c a879 222940e56e47: (sqlite3.OperationalError) unable to open database file
(Background on this error at: https://sqlalche.me/e/20/e3q8)
2024-11-16 18:10:47,776 - ERROR - Error deleting chat session with ID 4444fb08037441c6aa018e951f603d23: (sqlite3.OperationalError) unable to open database file
(Background on this error at: https://sqlalche.me/e/20/e3q8)
2024-11-16 18:10:47,777 - ERROR - Error deleting chat session with ID d9d51c88194144bd9f4769144c540292: (sqlite3.OperationalError) unable to open database file
(Background on this error at: https://sqlalche.me/e/20/e3q8)
2024-11-16 18:10:47,778 - ERROR - Error deleting chat session with ID f391eb798a534c028e3a8cc7dcce6a4c: (sqlite3.OperationalError) unable to open database file
(Background on this error at: https://sqlalche.me/e/20/e3q8)
2024-11-16 18:10:47,778 - ERROR - Error deleting chat session with ID 17c96557251341f28b1a090c55f3c98e: (sqlite3.OperationalError) unable to open database file
(Background on this error at: https://sqlalche.me/e/20/e3q8)
2024-11-16 18:10:47,779 - ERROR - Error deleting chat session with ID b84d23d10f5848e2a32e3e7b0359bc60: (sqlite3.OperationalError) unable to open database file
(Background on this error at: https://sqlalche.me/e/20/e3q8)
2024-11-16 18:10:47,779 - ERROR - Error deleting chat session with ID 5e1cbc7c82d84ef498fd66e21b890563: (sqlite3.OperationalError) unable to open database file
(Background on this error at: https://sqlalche.me/e/20/e3q8)
2024-11-16 18:10:47,780 - ERROR - Error deleting chat session with ID 05758e3a3b3e4f4199b38960b40a241c: (sqlite3.OperationalError) unable to open database file
(Background on this error at: https://sqlalche.me/e/20/e3q8)
2024-11-16 18:10:47,781 - ERROR - Error deleting chat session with ID e063e354e4e442d995de7d830835931a: (sqlite3.OperationalError) unable to open database file
(Background on this error at: https://sqlalche.me/e/20/e3q8)
2024-11-16 18:10:47,781 - ERROR - Error deleting chat session with ID b631d202a4114c3db4581ff466eec778: (sqlite3.OperationalError) unable to open database file
(Background on this error at: https://sqlalche.me/e/20/e3q8)
2024-11-16 18:10:47,782 - ERROR - Error deleting chat session with ID a41fc43ab2244e4695d626ff43dcaff8: (sqlite3.OperationalError) unable to open database file
(Background on this error at: https://sqlalche.me/e/20/e3q8)
2024-11-16 18:10:47,783 - ERROR - Error deleting chat session with ID ffbcbe59d277429191b84b7e2fa2b97a: (sqlite3.OperationalError) unable to open database file
(Background on this error at: https://sqlalche.me/e/20/e3q8)
2024-11-16 18:12:00,894 - WARNING - Invalid chat ID format (expected 32 characters): 07deda8b-8503-451c-a879-222940e56e47
2024-11-16 18:12:15,670 - ERROR - Error deleting chat session with ID 07deda8b8503451ca879222940e56e47: (sqlite3.OperationalError) unable to open database file
(Background on this error at: https://sqlalche.me/e/20/e3q8)
2024-11-16 18:17:26,296 - INFO - Skipped deletion for chat session with ID: 07deda8b-8503-451c-a879-222940e56e47
2024-11-16 18:17:33,072 - WARNING - Invalid chat ID format (expected 36-character UUID): 07deda8b8503451ca879222940e56e47
2024-11-16 18:17:56,434 - WARNING - Invalid chat ID format (expected 36-character UUID): 07deda8b8503451ca879222940e56e47
2024-11-16 18:18:06,247 - INFO - Deleted chat session with ID: 07deda8b-8503-451c-a879-222940e56e47
2024-11-16 19:01:47,201 - INFO - Skipped deletion for chat session with ID: a6e6bd77-a1fa-43f6-9f51-01180369762b
2024-11-16 19:02:09,296 - INFO - Skipped deletion for chat session with ID: a6e6bd77-a1fa-43f6-9f51-01180369762b
2024-11-16 19:02:24,869 - INFO - Deleted chat session with ID: a6e6bd77-a1fa-43f6-9f51-01180369762b
2024-11-16 20:49:22,478 - INFO - Skipped deletion for chat session with ID: 550b414b-0ac7-4605-80f1-1951ab36934f
2024-11-16 20:49:27,976 - INFO - Deleted chat session with ID: 550b414b-0ac7-4605-80f1-1951ab36934f
2024-11-17 23:39:46,818 - INFO - Deleted chat session with ID: 6f0b467f-2e82-4ad4-9f64-76f7a9b6560f
2024-11-18 01:39:00,221 - INFO - Deleted chat session with ID: 6920eddf-3600-4db3-917e-12ebccb2f42f
